build/outputs/logs/manifest-merger-debug-report.txt
-- Merging decision tree log ---
manifest
ADDED from AndroidManifest.xml:2:1-271:12
	xmlns:android
		ADDED from AndroidManifest.xml:2:11-69
	package
		ADDED from AndroidManifest.xml:3:7-29
		INJECTED from AndroidManifest.xml
		INJECTED from AndroidManifest.xml
	android:versionCode
		ADDED from AndroidManifest.xml:5:7-33
		INJECTED from AndroidManifest.xml
		INJECTED from AndroidManifest.xml
	android:installLocation
		ADDED from AndroidManifest.xml:5:34-64
uses-sdk
ADDED from AndroidManifest.xml:6:5-73
MERGED from [com.android.support:multidex:1.0.1] AndroidManifest.xml:18:5-42
MERGED from [com.android.support:support-v4:23.1.1] AndroidManifest.xml:20:5-43
MERGED from [com.auth0.android:core:1.9.6] AndroidManifest.xml:7:5-9:41
MERGED from [com.auth0.android:identity-core:1.9.6] AndroidManifest.xml:28:5-30:41
MERGED from [com.hannesdorfmann.smoothprogressbar:library:1.0.0] AndroidManifest.xml:8:5-10:41
MERGED from [com.android.support:appcompat-v7:22.1.1] AndroidManifest.xml:20:5-43
MERGED from [com.android.support:support-v4:23.1.1] AndroidManifest.xml:20:5-43
MERGED from [com.auth0.android:core:1.9.6] AndroidManifest.xml:7:5-9:41
MERGED from [com.auth0.android:lock-facebook:2.1.0] AndroidManifest.xml:28:5-30:41
MERGED from [com.facebook.android:facebook-android-sdk:4.4.0] AndroidManifest.xml:24:5-26:41
MERGED from [com.android.support:support-v4:23.1.1] AndroidManifest.xml:20:5-43
MERGED from [com.android.support:appcompat-v7:22.1.1] AndroidManifest.xml:20:5-43
MERGED from [com.android.support:support-v4:23.1.1] AndroidManifest.xml:20:5-43
MERGED from [com.auth0.android:identity-core:1.9.6] AndroidManifest.xml:28:5-30:41
MERGED from [com.hannesdorfmann.smoothprogressbar:library:1.0.0] AndroidManifest.xml:8:5-10:41
MERGED from [com.android.support:appcompat-v7:22.1.1] AndroidManifest.xml:20:5-43
MERGED from [com.android.support:support-v4:23.1.1] AndroidManifest.xml:20:5-43
MERGED from [com.auth0.android:core:1.9.6] AndroidManifest.xml:7:5-9:41
MERGED from [com.google.android.gms:play-services-gcm:8.4.0] AndroidManifest.xml:18:5-42
MERGED from [com.google.android.gms:play-services-base:8.4.0] AndroidManifest.xml:18:5-42
MERGED from [com.google.android.gms:play-services-basement:8.4.0] AndroidManifest.xml:18:5-42
MERGED from [com.android.support:support-v4:23.1.1] AndroidManifest.xml:20:5-43
MERGED from [com.google.android.gms:play-services-measurement:8.4.0] AndroidManifest.xml:18:5-42
MERGED from [com.google.android.gms:play-services-basement:8.4.0] AndroidManifest.xml:18:5-42
MERGED from [com.android.support:support-v4:23.1.1] AndroidManifest.xml:20:5-43
MERGED from [com.google.android.gms:play-services-maps:8.4.0] AndroidManifest.xml:26:5-42
MERGED from [com.google.android.gms:play-services-base:8.4.0] AndroidManifest.xml:18:5-42
MERGED from [com.google.android.gms:play-services-basement:8.4.0] AndroidManifest.xml:18:5-42
MERGED from [com.android.support:support-v4:23.1.1] AndroidManifest.xml:20:5-43
	android:targetSdkVersion
		ADDED from AndroidManifest.xml:6:42-71
	android:minSdkVersion
		ADDED from AndroidManifest.xml:6:15-41
permission#org.linphone.permission.C2D_MESSAGE
ADDED from AndroidManifest.xml:9:5-106
	android:protectionLevel
		ADDED from AndroidManifest.xml:9:68-103
	android:name
		ADDED from AndroidManifest.xml:9:17-67
uses-permission#org.linphone.permission.C2D_MESSAGE
ADDED from AndroidManifest.xml:10:2-72
	android:name
		ADDED from AndroidManifest.xml:10:19-69
uses-permission#com.google.android.c2dm.permission.RECEIVE
ADDED from AndroidManifest.xml:11:2-79
MERGED from [com.google.android.gms:play-services-gcm:8.4.0] AndroidManifest.xml:21:5-82
	android:name
		ADDED from AndroidManifest.xml:11:19-76
uses-permission#android.permission.INTERNET
ADDED from AndroidManifest.xml:13:5-66
MERGED from [com.google.android.gms:play-services-gcm:8.4.0] AndroidManifest.xml:22:5-67
MERGED from [com.google.android.gms:play-services-measurement:8.4.0] AndroidManifest.xml:21:5-67
MERGED from [com.google.android.gms:play-services-maps:8.4.0] AndroidManifest.xml:21:5-66
	android:name
		ADDED from AndroidManifest.xml:13:22-64
uses-permission#android.permission.RECORD_AUDIO
ADDED from AndroidManifest.xml:14:2-67
	android:name
		ADDED from AndroidManifest.xml:14:19-65
uses-permission#android.permission.READ_CONTACTS
ADDED from AndroidManifest.xml:15:2-68
	android:name
		ADDED from AndroidManifest.xml:15:19-66
uses-permission#android.permission.MODIFY_AUDIO_SETTINGS
ADDED from AndroidManifest.xml:16:2-76
	android:name
		ADDED from AndroidManifest.xml:16:19-74
uses-permission#android.permission.ACCESS_NETWORK_STATE
ADDED from AndroidManifest.xml:17:2-75
MERGED from [com.google.android.gms:play-services-measurement:8.4.0] AndroidManifest.xml:22:5-79
MERGED from [com.google.android.gms:play-services-maps:8.4.0] AndroidManifest.xml:20:5-78
	android:name
		ADDED from AndroidManifest.xml:17:19-73
uses-permission#android.permission.WAKE_LOCK
ADDED from AndroidManifest.xml:18:2-64
MERGED from [com.google.android.gms:play-services-measurement:8.4.0] AndroidManifest.xml:24:5-67
	android:name
		ADDED from AndroidManifest.xml:18:19-62
uses-permission#android.permission.PROCESS_OUTGOING_CALLS
ADDED from AndroidManifest.xml:19:2-77
	android:name
		ADDED from AndroidManifest.xml:19:19-75
uses-permission#android.permission.CALL_PHONE
ADDED from AndroidManifest.xml:20:2-65
	android:name
		ADDED from AndroidManifest.xml:20:19-63
uses-feature#android.hardware.telephony
ADDED from AndroidManifest.xml:22:2-87
	android:required
		ADDED from AndroidManifest.xml:22:60-84
	android:name
		ADDED from AndroidManifest.xml:22:18-59
uses-permission#android.permission.RECEIVE_BOOT_COMPLETED
ADDED from AndroidManifest.xml:23:2-77
	android:name
		ADDED from AndroidManifest.xml:23:19-75
uses-permission#android.permission.VIBRATE
ADDED from AndroidManifest.xml:24:2-62
	android:name
		ADDED from AndroidManifest.xml:24:19-60
uses-permission#android.permission.CAMERA
ADDED from AndroidManifest.xml:25:2-62
	android:name
		ADDED from AndroidManifest.xml:25:19-59
uses-feature#android.hardware.camera
ADDED from AndroidManifest.xml:27:2-84
	android:required
		ADDED from AndroidManifest.xml:27:57-81
	android:name
		ADDED from AndroidManifest.xml:27:18-56
uses-permission#android.permission.READ_LOGS
ADDED from AndroidManifest.xml:28:2-65
	android:name
		ADDED from AndroidManifest.xml:28:19-62
uses-permission#android.permission.READ_PHONE_STATE
ADDED from AndroidManifest.xml:29:2-72
	android:name
		ADDED from AndroidManifest.xml:29:19-69
uses-permission#android.permission.WRITE_EXTERNAL_STORAGE
ADDED from AndroidManifest.xml:31:2-77
	android:name
		ADDED from AndroidManifest.xml:31:19-75
uses-permission#android.permission.WRITE_CONTACTS
ADDED from AndroidManifest.xml:33:2-69
	android:name
		ADDED from AndroidManifest.xml:33:19-67
uses-permission#android.permission.BLUETOOTH
ADDED from AndroidManifest.xml:35:2-65
	android:name
		ADDED from AndroidManifest.xml:35:19-62
uses-permission#android.permission.BROADCAST_STICKY
ADDED from AndroidManifest.xml:36:2-72
	android:name
		ADDED from AndroidManifest.xml:36:19-69
uses-permission#android.permission.GET_ACCOUNTS
ADDED from AndroidManifest.xml:38:2-68
	android:name
		ADDED from AndroidManifest.xml:38:19-65
uses-permission#android.permission.ACCESS_WIFI_STATE
ADDED from AndroidManifest.xml:39:2-72
	android:name
		ADDED from AndroidManifest.xml:39:19-70
uses-permission#android.permission.CHANGE_WIFI_MULTICAST_STATE
ADDED from AndroidManifest.xml:40:2-82
	android:name
		ADDED from AndroidManifest.xml:40:19-80
uses-permission#android.permission.READ_SYNC_SETTINGS
ADDED from AndroidManifest.xml:41:5-76
	android:name
		ADDED from AndroidManifest.xml:41:22-74
uses-permission#android.permission.WRITE_SYNC_SETTINGS
ADDED from AndroidManifest.xml:42:5-77
	android:name
		ADDED from AndroidManifest.xml:42:22-75
uses-permission#android.permission.AUTHENTICATE_ACCOUNTS
ADDED from AndroidManifest.xml:43:5-79
	android:name
		ADDED from AndroidManifest.xml:43:22-77
supports-screens
ADDED from AndroidManifest.xml:45:2-161
	android:largeScreens
		ADDED from AndroidManifest.xml:45:77-104
	android:anyDensity
		ADDED from AndroidManifest.xml:45:134-159
	android:normalScreens
		ADDED from AndroidManifest.xml:45:48-76
	android:xlargeScreens
		ADDED from AndroidManifest.xml:45:105-133
	android:smallScreens
		ADDED from AndroidManifest.xml:45:20-47
application
ADDED from AndroidManifest.xml:47:5-269:16
MERGED from [com.android.support:support-v4:23.1.1] AndroidManifest.xml:22:5-20
MERGED from [com.hannesdorfmann.smoothprogressbar:library:1.0.0] AndroidManifest.xml:12:5-20
MERGED from [com.android.support:appcompat-v7:22.1.1] AndroidManifest.xml:22:5-20
MERGED from [com.android.support:support-v4:23.1.1] AndroidManifest.xml:22:5-20
MERGED from [com.facebook.android:facebook-android-sdk:4.4.0] AndroidManifest.xml:28:5-20
MERGED from [com.android.support:support-v4:23.1.1] AndroidManifest.xml:22:5-20
MERGED from [com.android.support:appcompat-v7:22.1.1] AndroidManifest.xml:22:5-20
MERGED from [com.android.support:support-v4:23.1.1] AndroidManifest.xml:22:5-20
MERGED from [com.hannesdorfmann.smoothprogressbar:library:1.0.0] AndroidManifest.xml:12:5-20
MERGED from [com.android.support:appcompat-v7:22.1.1] AndroidManifest.xml:22:5-20
MERGED from [com.android.support:support-v4:23.1.1] AndroidManifest.xml:22:5-20
MERGED from [com.google.android.gms:play-services-gcm:8.4.0] AndroidManifest.xml:24:5-20
MERGED from [com.google.android.gms:play-services-basement:8.4.0] AndroidManifest.xml:20:5-24:19
MERGED from [com.android.support:support-v4:23.1.1] AndroidManifest.xml:22:5-20
MERGED from [com.google.android.gms:play-services-measurement:8.4.0] AndroidManifest.xml:26:5-46:19
MERGED from [com.google.android.gms:play-services-basement:8.4.0] AndroidManifest.xml:20:5-24:19
MERGED from [com.android.support:support-v4:23.1.1] AndroidManifest.xml:22:5-20
MERGED from [com.google.android.gms:play-services-maps:8.4.0] AndroidManifest.xml:27:5-20
MERGED from [com.google.android.gms:play-services-basement:8.4.0] AndroidManifest.xml:20:5-24:19
MERGED from [com.android.support:support-v4:23.1.1] AndroidManifest.xml:22:5-20
	android:label
		ADDED from AndroidManifest.xml:47:18-50
	android:allowBackup
		ADDED from AndroidManifest.xml:48:34-60
	android:icon
		ADDED from AndroidManifest.xml:47:51-90
	android:largeHeap
		ADDED from AndroidManifest.xml:48:9-33
activity#com.facebook.FacebookActivity
ADDED from AndroidManifest.xml:51:9-55:48
	android:label
		ADDED from AndroidManifest.xml:55:13-45
	android:configChanges
		ADDED from AndroidManifest.xml:52:13-113
	android:theme
		ADDED from AndroidManifest.xml:54:13-72
	android:name
		ADDED from AndroidManifest.xml:51:19-63
meta-data#com.facebook.sdk.ApplicationId
ADDED from AndroidManifest.xml:57:9-59:55
	android:name
		ADDED from AndroidManifest.xml:58:13-58
	android:value
		ADDED from AndroidManifest.xml:59:13-52
activity#org.linphone.Auth0Activity
ADDED from AndroidManifest.xml:61:9-68:20
	android:label
		ADDED from AndroidManifest.xml:63:13-45
	android:name
		ADDED from AndroidManifest.xml:62:13-54
intent-filter#android.intent.action.MAIN+android.intent.category.LAUNCHER
ADDED from AndroidManifest.xml:64:13-67:29
action#android.intent.action.MAIN
ADDED from AndroidManifest.xml:65:17-69
	android:name
		ADDED from AndroidManifest.xml:65:25-66
category#android.intent.category.LAUNCHER
ADDED from AndroidManifest.xml:66:17-77
	android:name
		ADDED from AndroidManifest.xml:66:27-74
activity#org.linphone.LinphoneLauncherActivity
ADDED from AndroidManifest.xml:70:3-103:14
	android:windowSoftInputMode
		ADDED from AndroidManifest.xml:72:7-58
	android:label
		ADDED from AndroidManifest.xml:71:7-39
	android:theme
		ADDED from AndroidManifest.xml:74:7-37
	android:exported
		ADDED from AndroidManifest.xml:73:13-36
	android:name
		ADDED from AndroidManifest.xml:70:13-65
intent-filter#android.intent.action.MAIN
ADDED from AndroidManifest.xml:75:7-78:23
intent-filter#android.intent.action.CALL+android.intent.action.CALL_PRIVILEGED+android.intent.category.DEFAULT
ADDED from AndroidManifest.xml:80:13-86:29
action#android.intent.action.CALL
ADDED from AndroidManifest.xml:81:17-69
	android:name
		ADDED from AndroidManifest.xml:81:25-66
action#android.intent.action.CALL_PRIVILEGED
ADDED from AndroidManifest.xml:82:17-80
	android:name
		ADDED from AndroidManifest.xml:82:25-77
category#android.intent.category.DEFAULT
ADDED from AndroidManifest.xml:83:17-76
	android:name
		ADDED from AndroidManifest.xml:83:27-73
data
ADDED from AndroidManifest.xml:84:17-46
	android:scheme
		ADDED from AndroidManifest.xml:84:23-43
intent-filter#android.intent.action.SENDTO+android.intent.category.DEFAULT
ADDED from AndroidManifest.xml:88:13-94:21
action#android.intent.action.SENDTO
ADDED from AndroidManifest.xml:89:17-71
	android:name
		ADDED from AndroidManifest.xml:89:25-68
intent-filter#android.intent.action.VIEW+android.intent.category.BROWSABLE+android.intent.category.DEFAULT
ADDED from AndroidManifest.xml:96:13-101:24
action#android.intent.action.VIEW
ADDED from AndroidManifest.xml:98:11-63
	android:name
		ADDED from AndroidManifest.xml:98:19-60
category#android.intent.category.BROWSABLE
ADDED from AndroidManifest.xml:99:11-72
	android:name
		ADDED from AndroidManifest.xml:99:21-69
activity#org.linphone.LinphoneActivity
ADDED from AndroidManifest.xml:105:3-112:20
	android:screenOrientation
		ADDED from AndroidManifest.xml:107:13-47
	android:theme
		ADDED from AndroidManifest.xml:106:7-37
	android:name
		ADDED from AndroidManifest.xml:105:13-57
	android:launchMode
		ADDED from AndroidManifest.xml:108:13-44
activity#org.linphone.CallIncomingActivity
ADDED from AndroidManifest.xml:114:9-122:21
	android:screenOrientation
		ADDED from AndroidManifest.xml:118:13-47
	android:noHistory
		ADDED from AndroidManifest.xml:116:13-37
	android:theme
		ADDED from AndroidManifest.xml:115:7-37
	android:name
		ADDED from AndroidManifest.xml:114:19-67
	android:launchMode
		ADDED from AndroidManifest.xml:117:4-34
activity#org.linphone.CallOutgoingActivity
ADDED from AndroidManifest.xml:124:3-132:14
	android:screenOrientation
		ADDED from AndroidManifest.xml:128:6-40
	android:noHistory
		ADDED from AndroidManifest.xml:126:6-30
	android:theme
		ADDED from AndroidManifest.xml:125:6-36
	android:name
		ADDED from AndroidManifest.xml:124:13-61
	android:launchMode
		ADDED from AndroidManifest.xml:127:6-36
activity#org.linphone.CallActivity
ADDED from AndroidManifest.xml:134:9-148:20
	android:noHistory
		ADDED from AndroidManifest.xml:136:12-36
	android:theme
		ADDED from AndroidManifest.xml:135:6-39
	android:name
		ADDED from AndroidManifest.xml:134:19-59
	android:launchMode
		ADDED from AndroidManifest.xml:137:12-42
activity#org.linphone.assistant.AssistantActivity
ADDED from AndroidManifest.xml:150:9-156:21
	android:screenOrientation
		ADDED from AndroidManifest.xml:152:13-47
	android:theme
		ADDED from AndroidManifest.xml:151:7-37
	android:name
		ADDED from AndroidManifest.xml:150:19-74
activity#org.linphone.assistant.RemoteProvisioningLoginActivity
ADDED from AndroidManifest.xml:158:9-164:21
	android:screenOrientation
		ADDED from AndroidManifest.xml:160:13-49
	android:theme
		ADDED from AndroidManifest.xml:159:7-37
	android:name
		ADDED from AndroidManifest.xml:158:19-88
activity#org.linphone.assistant.RemoteProvisioningActivity
ADDED from AndroidManifest.xml:166:9-179:20
	android:screenOrientation
		ADDED from AndroidManifest.xml:168:13-49
	android:theme
		ADDED from AndroidManifest.xml:167:13-43
	android:name
		ADDED from AndroidManifest.xml:166:19-83
service#org.linphone.LinphoneService
ADDED from AndroidManifest.xml:181:6-183:40
	android:label
		ADDED from AndroidManifest.xml:182:10-46
	android:stopWithTask
		ADDED from AndroidManifest.xml:183:10-38
	android:name
		ADDED from AndroidManifest.xml:181:15-58
service#org.linphone.sync.SyncService
ADDED from AndroidManifest.xml:185:9-193:19
	android:exported
		ADDED from AndroidManifest.xml:187:13-36
	android:name
		ADDED from AndroidManifest.xml:186:13-57
intent-filter#android.content.SyncAdapter
ADDED from AndroidManifest.xml:188:13-190:29
action#android.content.SyncAdapter
ADDED from AndroidManifest.xml:189:17-70
	android:name
		ADDED from AndroidManifest.xml:189:25-67
meta-data#android.content.SyncAdapter
ADDED from AndroidManifest.xml:191:13-105
	android:resource
		ADDED from AndroidManifest.xml:191:67-102
	android:name
		ADDED from AndroidManifest.xml:191:24-66
meta-data#android.provider.CONTACTS_STRUCTURE
ADDED from AndroidManifest.xml:192:13-110
	android:resource
		ADDED from AndroidManifest.xml:192:75-107
	android:name
		ADDED from AndroidManifest.xml:192:24-74
service#org.linphone.sync.AuthenticationService
ADDED from AndroidManifest.xml:195:9-203:19
	android:name
		ADDED from AndroidManifest.xml:196:13-67
intent-filter#android.accounts.AccountAuthenticator
ADDED from AndroidManifest.xml:197:13-199:29
action#android.accounts.AccountAuthenticator
ADDED from AndroidManifest.xml:198:17-79
	android:name
		ADDED from AndroidManifest.xml:198:25-77
meta-data#android.accounts.AccountAuthenticator
ADDED from AndroidManifest.xml:200:13-202:57
	android:resource
		ADDED from AndroidManifest.xml:202:17-54
	android:name
		ADDED from AndroidManifest.xml:201:17-69
receiver#org.linphone.NetworkManager
ADDED from AndroidManifest.xml:205:9-207:14
	android:name
		ADDED from AndroidManifest.xml:205:19-61
intent-filter#android.net.conn.CONNECTIVITY_CHANGE
ADDED from AndroidManifest.xml:206:4-104
action#android.net.conn.CONNECTIVITY_CHANGE
ADDED from AndroidManifest.xml:206:19-88
	android:name
		ADDED from AndroidManifest.xml:206:27-78
receiver#org.linphone.BluetoothManager
ADDED from AndroidManifest.xml:209:6-210:14
	android:enabled
		ADDED from AndroidManifest.xml:209:61-84
	android:name
		ADDED from AndroidManifest.xml:209:16-60
receiver#org.linphone.BootReceiver
ADDED from AndroidManifest.xml:212:3-214:14
	android:name
		ADDED from AndroidManifest.xml:212:13-53
intent-filter#android.intent.action.BOOT_COMPLETED
ADDED from AndroidManifest.xml:213:4-104
action#android.intent.action.BOOT_COMPLETED
ADDED from AndroidManifest.xml:213:19-88
	android:name
		ADDED from AndroidManifest.xml:213:27-78
receiver#org.linphone.PhoneStateChangedReceiver
ADDED from AndroidManifest.xml:216:3-218:14
	android:name
		ADDED from AndroidManifest.xml:216:13-66
intent-filter#android.intent.action.PHONE_STATE
ADDED from AndroidManifest.xml:217:4-94
action#android.intent.action.PHONE_STATE
ADDED from AndroidManifest.xml:217:19-78
	android:name
		ADDED from AndroidManifest.xml:217:27-75
receiver#org.linphone.KeepAliveHandler
ADDED from AndroidManifest.xml:220:3-221:20
	android:name
		ADDED from AndroidManifest.xml:220:13-57
receiver#org.linphone.gcm.GCMReceiver
ADDED from AndroidManifest.xml:224:3-230:14
	android:permission
		ADDED from AndroidManifest.xml:224:57-117
	android:name
		ADDED from AndroidManifest.xml:224:13-56
intent-filter#com.google.android.c2dm.intent.RECEIVE+com.google.android.c2dm.intent.REGISTRATION+org.linphone
ADDED from AndroidManifest.xml:225:5-229:21
action#com.google.android.c2dm.intent.RECEIVE
ADDED from AndroidManifest.xml:226:7-71
	android:name
		ADDED from AndroidManifest.xml:226:15-68
action#com.google.android.c2dm.intent.REGISTRATION
ADDED from AndroidManifest.xml:227:7-76
	android:name
		ADDED from AndroidManifest.xml:227:15-73
category#org.linphone
ADDED from AndroidManifest.xml:228:7-47
	android:name
		ADDED from AndroidManifest.xml:228:17-44
service#org.linphone.gcm.GCMService
ADDED from AndroidManifest.xml:232:3-57
	android:name
		ADDED from AndroidManifest.xml:232:12-54
activity#org.linphone.tutorials.TutorialLauncherActivity
ADDED from AndroidManifest.xml:234:9-239:20
	android:theme
		ADDED from AndroidManifest.xml:235:7-37
	android:name
		ADDED from AndroidManifest.xml:234:19-81
activity#org.linphone.tutorials.TutorialBuddyStatusActivity
ADDED from AndroidManifest.xml:241:3-246:20
	android:theme
		ADDED from AndroidManifest.xml:242:7-37
	android:name
		ADDED from AndroidManifest.xml:241:13-78
activity#org.linphone.tutorials.TutorialChatRoomActivity
ADDED from AndroidManifest.xml:248:3-253:20
	android:theme
		ADDED from AndroidManifest.xml:249:7-37
	android:name
		ADDED from AndroidManifest.xml:248:13-75
activity#org.linphone.tutorials.TutorialHelloWorldActivity
ADDED from AndroidManifest.xml:255:3-260:20
	android:theme
		ADDED from AndroidManifest.xml:256:7-37
	android:name
		ADDED from AndroidManifest.xml:255:13-77
activity#org.linphone.tutorials.TutorialRegistrationActivity
ADDED from AndroidManifest.xml:262:3-267:20
	android:theme
		ADDED from AndroidManifest.xml:263:7-37
	android:name
		ADDED from AndroidManifest.xml:262:13-79
meta-data#com.google.android.gms.version
ADDED from [com.google.android.gms:play-services-basement:8.4.0] AndroidManifest.xml:21:9-23:69
MERGED from [com.google.android.gms:play-services-basement:8.4.0] AndroidManifest.xml:21:9-23:69
MERGED from [com.google.android.gms:play-services-basement:8.4.0] AndroidManifest.xml:21:9-23:69
	android:name
		ADDED from [com.google.android.gms:play-services-basement:8.4.0] AndroidManifest.xml:22:13-58
	android:value
		ADDED from [com.google.android.gms:play-services-basement:8.4.0] AndroidManifest.xml:23:13-66
provider#com.google.android.gms.measurement.AppMeasurementContentProvider
ADDED from [com.google.android.gms:play-services-measurement:8.4.0] AndroidManifest.xml:28:7-31:37
	android:exported
		ADDED from [com.google.android.gms:play-services-measurement:8.4.0] AndroidManifest.xml:31:11-35
	android:authorities
		ADDED from [com.google.android.gms:play-services-measurement:8.4.0] AndroidManifest.xml:29:11-76
	android:name
		ADDED from [com.google.android.gms:play-services-measurement:8.4.0] AndroidManifest.xml:30:11-90
receiver#com.google.android.gms.measurement.AppMeasurementReceiver
ADDED from [com.google.android.gms:play-services-measurement:8.4.0] AndroidManifest.xml:33:7-39:18
	android:enabled
		ADDED from [com.google.android.gms:play-services-measurement:8.4.0] AndroidManifest.xml:35:11-33
	android:name
		ADDED from [com.google.android.gms:play-services-measurement:8.4.0] AndroidManifest.xml:34:11-83
intent-filter#com.google.android.gms.measurement.UPLOAD
ADDED from [com.google.android.gms:play-services-measurement:8.4.0] AndroidManifest.xml:36:9-38:25
action#com.google.android.gms.measurement.UPLOAD
ADDED from [com.google.android.gms:play-services-measurement:8.4.0] AndroidManifest.xml:37:11-77
	android:name
		ADDED from [com.google.android.gms:play-services-measurement:8.4.0] AndroidManifest.xml:37:19-75
service#com.google.android.gms.measurement.AppMeasurementService
ADDED from [com.google.android.gms:play-services-measurement:8.4.0] AndroidManifest.xml:41:7-44:37
	android:exported
		ADDED from [com.google.android.gms:play-services-measurement:8.4.0] AndroidManifest.xml:44:11-35
	android:enabled
		ADDED from [com.google.android.gms:play-services-measurement:8.4.0] AndroidManifest.xml:43:11-33
	android:name
		ADDED from [com.google.android.gms:play-services-measurement:8.4.0] AndroidManifest.xml:42:11-82
uses-feature#0x00020000
ADDED from [com.google.android.gms:play-services-maps:8.4.0] AndroidManifest.xml:22:5-24:33
	android:required
		ADDED from [com.google.android.gms:play-services-maps:8.4.0] AndroidManifest.xml:24:8-31
	android:glEsVersion
		ADDED from [com.google.android.gms:play-services-maps:8.4.0] AndroidManifest.xml:23:8-40